14:37:37.399 [main] INFO  com.fasterxml.jackson.databind.deser.Deserializers$Base - ***********  Checking Status Line of 1st **********
14:37:37.403 [main] INFO  com.fasterxml.jackson.databind.deser.Deserializers$Base - *********  Finished TC_001_Add_by_path **********
14:38:30.201 [main] INFO  com.fasterxml.jackson.databind.deser.Deserializers$Base - *********Started TC_001_Add_by_path **********
14:38:32.264 [main] INFO  com.fasterxml.jackson.databind.deser.Deserializers$Base - ***********  Checking Response Time **********
14:38:32.270 [main] INFO  com.fasterxml.jackson.databind.deser.Deserializers$Base - ***********  Checking Respose Body **********
14:38:32.272 [main] INFO  com.fasterxml.jackson.databind.deser.Deserializers$Base - ***********  Checking Status Code of 1st **********
14:38:32.274 [main] INFO  com.fasterxml.jackson.databind.deser.Deserializers$Base - ***********  Checking Message ***************
14:38:32.278 [main] INFO  com.fasterxml.jackson.databind.deser.Deserializers$Base - ***********  Checking Status Line of 1st **********
14:38:32.280 [main] INFO  com.fasterxml.jackson.databind.deser.Deserializers$Base - *********  Finished TC_001_Add_by_path **********
14:39:12.749 [main] INFO  com.fasterxml.jackson.databind.deser.Deserializers$Base - *********Started TC_001_Add_by_path **********
14:39:14.893 [main] INFO  com.fasterxml.jackson.databind.deser.Deserializers$Base - *********Started TC_002_get_row_all_files **********
14:39:18.310 [main] INFO  com.fasterxml.jackson.databind.deser.Deserializers$Base - ***********  Checking Columns and Rows Count Summary **********
14:39:18.856 [main] INFO  com.fasterxml.jackson.databind.deser.Deserializers$Base - ***********  Checking Response  Time **********
14:39:18.859 [main] INFO  com.fasterxml.jackson.databind.deser.Deserializers$Base - ***********  Checking Response  Body **********
14:39:18.861 [main] INFO  com.fasterxml.jackson.databind.deser.Deserializers$Base - ***********  Checking Row   Count **********
14:39:18.877 [main] INFO  com.fasterxml.jackson.databind.deser.Deserializers$Base - ***********  Checking Sorted  Columns **********
14:39:19.019 [main] INFO  com.fasterxml.jackson.databind.deser.Deserializers$Base - ***********  Checking Status Code **********
14:39:19.021 [main] INFO  com.fasterxml.jackson.databind.deser.Deserializers$Base - ***********  Checking Column Names **********
14:39:19.031 [main] INFO  com.fasterxml.jackson.databind.deser.Deserializers$Base - ***********  Checking Message ***************
14:39:19.041 [main] INFO  com.fasterxml.jackson.databind.deser.Deserializers$Base - ***********  Checking Status Line **********
14:39:19.044 [main] INFO  com.fasterxml.jackson.databind.deser.Deserializers$Base - *********  Finished TC_002_get_row_all_files **********
14:39:49.393 [main] INFO  com.fasterxml.jackson.databind.deser.Deserializers$Base - *********Started TC_001_Add_by_path **********
14:39:51.707 [main] INFO  com.fasterxml.jackson.databind.deser.Deserializers$Base - *********Started TC_002_get_row_all_files **********
14:39:54.673 [main] INFO  com.fasterxml.jackson.databind.deser.Deserializers$Base - ***********  Checking Response Time **********
14:39:54.678 [main] INFO  com.fasterxml.jackson.databind.deser.Deserializers$Base - ***********  Checking Respose Body **********
14:39:54.680 [main] INFO  com.fasterxml.jackson.databind.deser.Deserializers$Base - ***********  Checking Status Code of 1st **********
14:39:54.683 [main] INFO  com.fasterxml.jackson.databind.deser.Deserializers$Base - ***********  Checking Message ***************
14:39:54.690 [main] INFO  com.fasterxml.jackson.databind.deser.Deserializers$Base - ***********  Checking Status Line of 1st **********
14:39:54.693 [main] INFO  com.fasterxml.jackson.databind.deser.Deserializers$Base - ***********  Checking Columns and Rows Count Summary **********
14:39:55.187 [main] INFO  com.fasterxml.jackson.databind.deser.Deserializers$Base - ***********  Checking Response  Time **********
14:39:55.192 [main] INFO  com.fasterxml.jackson.databind.deser.Deserializers$Base - ***********  Checking Response  Body **********
14:39:55.194 [main] INFO  com.fasterxml.jackson.databind.deser.Deserializers$Base - ***********  Checking Row   Count **********
14:39:55.209 [main] INFO  com.fasterxml.jackson.databind.deser.Deserializers$Base - ***********  Checking Sorted  Columns **********
14:39:55.327 [main] INFO  com.fasterxml.jackson.databind.deser.Deserializers$Base - ***********  Checking Status Code **********
14:39:55.328 [main] INFO  com.fasterxml.jackson.databind.deser.Deserializers$Base - ***********  Checking Column Names **********
14:39:55.338 [main] INFO  com.fasterxml.jackson.databind.deser.Deserializers$Base - ***********  Checking Message ***************
14:39:55.346 [main] INFO  com.fasterxml.jackson.databind.deser.Deserializers$Base - ***********  Checking Status Line **********
14:39:55.347 [main] INFO  com.fasterxml.jackson.databind.deser.Deserializers$Base - *********  Finished TC_001_Add_by_path **********
14:40:37.076 [main] INFO  com.fasterxml.jackson.databind.deser.Deserializers$Base - ***********  Checking Response  Time **********
14:40:37.092 [main] INFO  com.fasterxml.jackson.databind.deser.Deserializers$Base - ***********  Checking Response  Body **********
14:40:37.096 [main] INFO  com.fasterxml.jackson.databind.deser.Deserializers$Base - ***********  Checking Row   Count **********
14:40:37.103 [main] INFO  com.fasterxml.jackson.databind.deser.Deserializers$Base - ***********  Checking Sorted  Columns **********
14:40:37.107 [main] INFO  com.fasterxml.jackson.databind.deser.Deserializers$Base - ***********  Checking Status Code **********
14:40:37.111 [main] INFO  com.fasterxml.jackson.databind.deser.Deserializers$Base - ***********  Checking Column Names **********
14:40:37.115 [main] INFO  com.fasterxml.jackson.databind.deser.Deserializers$Base - ***********  Checking Message ***************
14:40:37.118 [main] INFO  com.fasterxml.jackson.databind.deser.Deserializers$Base - ***********  Checking Status Line **********
14:42:37.170 [main] INFO  com.fasterxml.jackson.databind.deser.Deserializers$Base - *********Started TC_001_Add_by_path **********
14:42:38.757 [main] INFO  com.fasterxml.jackson.databind.deser.Deserializers$Base - ***********  Checking Response Time **********
14:42:38.761 [main] INFO  com.fasterxml.jackson.databind.deser.Deserializers$Base - ***********  Checking Respose Body **********
14:42:38.764 [main] INFO  com.fasterxml.jackson.databind.deser.Deserializers$Base - ***********  Checking Status Code of 1st **********
14:42:38.765 [main] INFO  com.fasterxml.jackson.databind.deser.Deserializers$Base - ***********  Checking Message ***************
14:42:38.770 [main] INFO  com.fasterxml.jackson.databind.deser.Deserializers$Base - ***********  Checking Status Line of 1st **********
14:42:38.772 [main] INFO  com.fasterxml.jackson.databind.deser.Deserializers$Base - *********  Finished TC_001_Add_by_path **********
14:45:34.002 [main] INFO  com.fasterxml.jackson.databind.deser.Deserializers$Base - ***********  Checking Status Code of 1st **********
14:45:34.011 [main] INFO  com.fasterxml.jackson.databind.deser.Deserializers$Base - ***********  Checking Response  Time **********
14:45:34.014 [main] INFO  com.fasterxml.jackson.databind.deser.Deserializers$Base - ***********  Checking Response  Body **********
14:45:34.016 [main] INFO  com.fasterxml.jackson.databind.deser.Deserializers$Base - ***********  Checking Row   Count **********
14:45:34.019 [main] INFO  com.fasterxml.jackson.databind.deser.Deserializers$Base - ***********  Checking Sorted  Columns **********
14:45:34.021 [main] INFO  com.fasterxml.jackson.databind.deser.Deserializers$Base - ***********  Checking Status Code **********
14:45:34.024 [main] INFO  com.fasterxml.jackson.databind.deser.Deserializers$Base - ***********  Checking Column Names **********
14:45:34.027 [main] INFO  com.fasterxml.jackson.databind.deser.Deserializers$Base - ***********  Checking Message ***************
14:45:34.030 [main] INFO  com.fasterxml.jackson.databind.deser.Deserializers$Base - ***********  Checking Status Line **********
14:48:55.467 [main] INFO  com.fasterxml.jackson.databind.deser.Deserializers$Base - *********Started TC_001_Add_by_path **********
14:48:56.914 [main] INFO  com.fasterxml.jackson.databind.deser.Deserializers$Base - ***********  Checking Status Code of 1st **********
14:48:56.920 [main] INFO  com.fasterxml.jackson.databind.deser.Deserializers$Base - ***********  Checking Response  Time **********
14:48:56.923 [main] INFO  com.fasterxml.jackson.databind.deser.Deserializers$Base - ***********  Checking Response  Body **********
14:48:56.925 [main] INFO  com.fasterxml.jackson.databind.deser.Deserializers$Base - ***********  Checking Row   Count **********
14:48:56.928 [main] INFO  com.fasterxml.jackson.databind.deser.Deserializers$Base - ***********  Checking Sorted  Columns **********
14:48:56.931 [main] INFO  com.fasterxml.jackson.databind.deser.Deserializers$Base - ***********  Checking Status Code **********
14:48:56.933 [main] INFO  com.fasterxml.jackson.databind.deser.Deserializers$Base - ***********  Checking Column Names **********
14:48:56.936 [main] INFO  com.fasterxml.jackson.databind.deser.Deserializers$Base - ***********  Checking Message ***************
14:48:56.938 [main] INFO  com.fasterxml.jackson.databind.deser.Deserializers$Base - ***********  Checking Status Line **********
14:52:41.656 [main] INFO  com.fasterxml.jackson.databind.deser.Deserializers$Base - *********Started TC_001_Add_by_path **********
14:52:43.620 [main] INFO  com.fasterxml.jackson.databind.deser.Deserializers$Base - *********Started TC_002_get_row_all_files **********
14:52:47.339 [main] INFO  com.fasterxml.jackson.databind.deser.Deserializers$Base - ***********  Checking Response  Time **********
14:52:47.344 [main] INFO  com.fasterxml.jackson.databind.deser.Deserializers$Base - ***********  Checking Response  Body **********
